[debug] [2018-11-25T14:49:36.641Z] ----------------------------------------------------------------------
[debug] [2018-11-25T14:49:36.649Z] Command:       D:\NodeJS\node.exe C:\Users\ali-m\AppData\Roaming\npm\node_modules\firebase-tools\lib\bin\firebase.js serve
[debug] [2018-11-25T14:49:36.650Z] CLI Version:   6.1.1
[debug] [2018-11-25T14:49:36.651Z] Platform:      win32
[debug] [2018-11-25T14:49:36.651Z] Node Version:  v10.13.0
[debug] [2018-11-25T14:49:36.655Z] Time:          Sun Nov 25 2018 22:49:36 GMT+0800 (Malaysia Time)
[debug] [2018-11-25T14:49:36.656Z] ----------------------------------------------------------------------
[debug] 
[debug] [2018-11-25T14:49:36.762Z] > command requires scopes: ["email","openid","https://www.googleapis.com/auth/cloudplatformprojects.readonly","https://www.googleapis.com/auth/firebase","https://www.googleapis.com/auth/cloud-platform"]
[debug] [2018-11-25T14:49:36.763Z] > authorizing via signed-in user
[debug] [2018-11-25T14:49:36.764Z] [iam] checking project my-awesome-project-6dd85 for permissions ["firebase.projects.get"]
[debug] [2018-11-25T14:49:36.771Z] > refreshing access token with scopes: ["email","https://www.googleapis.com/auth/cloud-platform","https://www.googleapis.com/auth/cloudplatformprojects.readonly","https://www.googleapis.com/auth/firebase","openid"]
[debug] [2018-11-25T14:49:36.772Z] >>> HTTP REQUEST POST https://www.googleapis.com/oauth2/v3/token  
 <request body omitted>
[debug] [2018-11-25T14:49:37.067Z] <<< HTTP RESPONSE 200
[debug] [2018-11-25T14:49:37.105Z] >>> HTTP REQUEST POST https://cloudresourcemanager.googleapis.com/v1/projects/my-awesome-project-6dd85:testIamPermissions  

[debug] [2018-11-25T14:49:38.411Z] <<< HTTP RESPONSE 200
[debug] [2018-11-25T14:49:38.413Z] >>> HTTP REQUEST GET https://cloudresourcemanager.googleapis.com/v1/projects/my-awesome-project-6dd85  
 
[debug] [2018-11-25T14:49:39.695Z] <<< HTTP RESPONSE 200
[info] 
[info] === Serving from 'D:\Final Year\SAdashboard'...
[info] 
[debug] [2018-11-25T14:49:39.703Z] >>> HTTP REQUEST GET https://mobilesdk-pa.googleapis.com/v1/projects/125302731440/clients/_:getWebAppConfig  
 
[debug] [2018-11-25T14:49:40.177Z] <<< HTTP RESPONSE 200
[info] i  hosting: Serving hosting files from: public
[info] +  hosting: Local server: http://localhost:5000
